[debug] [2022-12-18T15:11:55.966Z] ----------------------------------------------------------------------
[debug] [2022-12-18T15:11:55.969Z] Command:       C:\Program Files\nodejs\node.exe C:\Users\Farzana\AppData\Roaming\npm\node_modules\firebase-tools\lib\bin\firebase.js init
[debug] [2022-12-18T15:11:55.970Z] CLI Version:   11.18.0
[debug] [2022-12-18T15:11:55.971Z] Platform:      win32
[debug] [2022-12-18T15:11:55.971Z] Node Version:  v18.12.1
[debug] [2022-12-18T15:11:55.975Z] Time:          Sun Dec 18 2022 20:41:55 GMT+0530 (India Standard Time)
[debug] [2022-12-18T15:11:55.976Z] ----------------------------------------------------------------------
[debug] 
[debug] [2022-12-18T15:11:55.989Z] > command requires scopes: ["email","openid","https://www.googleapis.com/auth/cloudplatformprojects.readonly","https://www.googleapis.com/auth/firebase","https://www.googleapis.com/auth/cloud-platform"]
[debug] [2022-12-18T15:11:55.990Z] > authorizing via signed-in user (faridsayyed1010@gmail.com)
[info] 
     ######## #### ########  ######## ########     ###     ######  ########
     ##        ##  ##     ## ##       ##     ##  ##   ##  ##       ##
     ######    ##  ########  ######   ########  #########  ######  ######
     ##        ##  ##    ##  ##       ##     ## ##     ##       ## ##
     ##       #### ##     ## ######## ########  ##     ##  ######  ########

You're about to initialize a Firebase project in this directory:

  C:\Users\Farzana\OneDrive\Desktop\React\resume_builder

[info] 
=== Project Setup
[info] 
[info] First, let's associate this project directory with a Firebase project.
[info] You can create multiple project aliases by running firebase use --add, 
[info] but for now we'll just set up a default project.
[info] 
[info] i  If you want to create a project in a Google Cloud organization or folder, please use "firebase projects:create" instead, and return to this command when you've created the project. 
[debug] [2022-12-18T15:13:28.714Z] >>> [apiv2][query] POST https://cloudresourcemanager.googleapis.com/v1/projects [none]
[debug] [2022-12-18T15:13:28.714Z] >>> [apiv2][body] POST https://cloudresourcemanager.googleapis.com/v1/projects {"projectId":"resume-builder","name":"resume-builder"}
[debug] [2022-12-18T15:13:30.408Z] <<< [apiv2][status] POST https://cloudresourcemanager.googleapis.com/v1/projects 409
[debug] [2022-12-18T15:13:30.408Z] <<< [apiv2][body] POST https://cloudresourcemanager.googleapis.com/v1/projects {"error":{"code":409,"message":"Requested entity already exists","status":"ALREADY_EXISTS"}}
[debug] [2022-12-18T15:13:30.574Z] FirebaseError: HTTP Error: 409, Requested entity already exists
    at responseToError (C:\Users\Farzana\AppData\Roaming\npm\node_modules\firebase-tools\lib\responseToError.js:49:12)
    at RetryOperation._fn (C:\Users\Farzana\AppData\Roaming\npm\node_modules\firebase-tools\lib\apiv2.js:288:77)
    at process.processTicksAndRejections (node:internal/process/task_queues:95:5)
[error] 
[error] Error: Failed to create project because there is already a project with ID resume-builder. Please try again with a unique project ID.
